<?xml version="1.0" encoding="UTF-8"?>
<testsuite name="org.example.TestEventManagement" tests="3" skipped="0" failures="0" errors="0" timestamp="2023-01-04T15:45:05" hostname="kali" time="0.113">
  <properties/>
  <testcase name="eventManagement1()" classname="org.example.TestEventManagement" time="0.099"/>
  <testcase name="eventManagement2()" classname="org.example.TestEventManagement" time="0.009"/>
  <testcase name="emptyOutput()" classname="org.example.TestEventManagement" time="0.001"/>
  <system-out><![CDATA[contabilitate - cereri in birou:
5 - 14-Jan-2022 10:01:07 - Subsemnatul John Smith, reprezentant legal al companiei John SRL, va rog sa-mi aprobati urmatoarea solicitare: organizare eveniment
3 - 13-Jan-2022 10:01:01 - Subsemnatul Monica Margescu, va rog sa-mi aprobati urmatoarea solicitare: organizare eveniment
2 - 15-Jan-2022 10:01:01 - Subsemnatul John Smith, reprezentant legal al companiei John SRL, va rog sa-mi aprobati urmatoarea solicitare: organizare eveniment
Title: Street food festival | Financed by municipality: false | Max allowed participants: 500 | Scheduled time: Fri Jan 21 12:00:00 EET 2022
Title: Targ de Craciun | Financed by municipality: false | Max allowed participants: 2000 | Scheduled time: Thu Jan 20 12:00:00 EET 2022
Title: Maraton bla bla | Financed by municipality: false | Max allowed participants: 500 | Scheduled time: Fri Jan 21 12:00:00 EET 2022
14-Jan-2022 10:01:07 - John SRL
13-Jan-2022 10:01:01 - Monica Margescu
15-Jan-2022 10:01:01 - John SRL
contabilitate - cereri in birou:
5 - 14-Jan-2022 10:01:07 - Subsemnatul John Smith, reprezentant legal al companiei John SRL, va rog sa-mi aprobati urmatoarea solicitare: organizare eveniment
5 - 20-Jan-2022 10:01:01 - Subsemnatul Alex Scolarescu, elev la scoala null, va rog sa-mi aprobati urmatoarea solicitare: organizare eveniment
3 - 13-Jan-2022 10:01:01 - Subsemnatul Monica Margescu, va rog sa-mi aprobati urmatoarea solicitare: organizare eveniment
2 - 15-Jan-2022 10:01:01 - Subsemnatul John Smith, reprezentant legal al companiei John SRL, va rog sa-mi aprobati urmatoarea solicitare: organizare eveniment
Participanti la evenimentul: Evenimentul Scoala bla bla
Mihai Scolarescu
Dorel Electricianul
Participanti la evenimentul: Street food festival
Title: Street food festival | Financed by municipality: false | Max allowed participants: 500 | Scheduled time: Fri Jan 21 12:00:00 EET 2022
Title: Evenimentul Scoala bla bla | Financed by municipality: false | Max allowed participants: 2000 | Scheduled time: Tue Jan 25 12:00:00 EET 2022
Title: Targ de Craciun | Financed by municipality: false | Max allowed participants: 2000 | Scheduled time: Thu Jan 20 12:00:00 EET 2022
14-Jan-2022 10:01:07 - John SRL
20-Jan-2022 10:01:01 - Alex Scolarescu
13-Jan-2022 10:01:01 - Monica Margescu
22-Jan-2022 10:01:17 - Mihai Scolarescu
21-Jan-2022 10:01:17 - Dorel Electricianul
]]></system-out>
  <system-err><![CDATA[]]></system-err>
</testsuite>
