<?xml version="1.0" encoding="UTF-8"?>
<testsuite name="org.example.TestManagementPrimarie" tests="1" skipped="0" failures="0" errors="0" timestamp="2023-01-04T16:21:40" hostname="kali" time="0.032">
  <properties/>
  <testcase name="emptyOutput()" classname="org.example.TestManagementPrimarie" time="0.032"/>
  <system-out><![CDATA[]]></system-out>
  <system-err><![CDATA[]]></system-err>
</testsuite>
