<?xml version="1.0" encoding="UTF-8"?>
<testsuite name="org.example.TestManagementPrimarie" tests="17" skipped="0" failures="0" errors="0" timestamp="2022-12-26T19:47:46" hostname="kali" time="1.079">
  <properties/>
  <testcase name="utilizatoriCombinat1()" classname="org.example.TestManagementPrimarie" time="0.287"/>
  <testcase name="utilizatoriCombinat2()" classname="org.example.TestManagementPrimarie" time="0.181"/>
  <testcase name="utilizatoriCombinat3()" classname="org.example.TestManagementPrimarie" time="0.158"/>
  <testcase name="exceptieCerere1()" classname="org.example.TestManagementPrimarie" time="0.003"/>
  <testcase name="adaugaCerere1()" classname="org.example.TestManagementPrimarie" time="0.015"/>
  <testcase name="birouCereri1()" classname="org.example.TestManagementPrimarie" time="0.056"/>
  <testcase name="birouCereri2()" classname="org.example.TestManagementPrimarie" time="0.033"/>
  <testcase name="birouCereri3()" classname="org.example.TestManagementPrimarie" time="0.019"/>
  <testcase name="birouCereri4()" classname="org.example.TestManagementPrimarie" time="0.144"/>
  <testcase name="birouCereri5()" classname="org.example.TestManagementPrimarie" time="0.016"/>
  <testcase name="emptyOutput()" classname="org.example.TestManagementPrimarie" time="0.013"/>
  <testcase name="stergeCerere1()" classname="org.example.TestManagementPrimarie" time="0.005"/>
  <testcase name="utilizatorCerereCombinat1()" classname="org.example.TestManagementPrimarie" time="0.023"/>
  <testcase name="utilizatorCerereCombinat2()" classname="org.example.TestManagementPrimarie" time="0.012"/>
  <testcase name="utilizatorCerereCombinat3()" classname="org.example.TestManagementPrimarie" time="0.007"/>
  <testcase name="utilizatorCerereCombinat4()" classname="org.example.TestManagementPrimarie" time="0.02"/>
  <testcase name="utilizatorCerereCombinat5()" classname="org.example.TestManagementPrimarie" time="0.008"/>
  <system-out><![CDATA[Utilizatorul de tip persoana nu poate inainta o cerere de tip inregistrare venit salarial
Alina Ionescu - cereri in asteptare:
19-Nov-2022 23:00:00 - Subsemnatul Alina Ionescu, angajat la compania Google, va rog sa-mi aprobati urmatoarea solicitare: inlocuire carnet de sofer
11-Dec-2022 00:00:00 - Subsemnatul Alina Ionescu, angajat la compania Google, va rog sa-mi aprobati urmatoarea solicitare: inlocuire buletin
11-Dec-2022 23:00:00 - Subsemnatul Alina Ionescu, angajat la compania Google, va rog sa-mi aprobati urmatoarea solicitare: inlocuire buletin
17-Dec-2022 23:59:00 - Subsemnatul Alina Ionescu, angajat la compania Google, va rog sa-mi aprobati urmatoarea solicitare: inregistrare venit salarial
Ion Popescu - cereri in asteptare:
10-Jan-2022 23:00:00 - Subsemnatul Ion Popescu, va rog sa-mi aprobati urmatoarea solicitare: inlocuire buletin
Utilizatorul de tip entitate juridica nu poate inainta o cerere de tip inregistrare venit salarial
Utilizatorul de tip pensionar nu poate inainta o cerere de tip inregistrare venit salarial
CC SRL - cereri in asteptare:
10-Jan-2022 10:00:00 - Subsemnatul Cristina Cristescu, reprezentant legal al companiei CC SRL, va rog sa-mi aprobati urmatoarea solicitare: reinnoire autorizatie
11-Dec-2022 15:15:00 - Subsemnatul Cristina Cristescu, reprezentant legal al companiei CC SRL, va rog sa-mi aprobati urmatoarea solicitare: creare act constitutiv
11-Dec-2022 20:00:00 - Subsemnatul Cristina Cristescu, reprezentant legal al companiei CC SRL, va rog sa-mi aprobati urmatoarea solicitare: creare act constitutiv
George Georgescu - cereri in asteptare:
19-Nov-2022 11:00:00 - Subsemnatul George Georgescu, va rog sa-mi aprobati urmatoarea solicitare: inlocuire carnet de sofer
John Smith - cereri in asteptare:
10-Sep-2022 10:00:00 - Subsemnatul John Smith, elev la scoala High School Musical, va rog sa-mi aprobati urmatoarea solicitare: inlocuire carnet de elev
11-Sep-2022 15:15:00 - Subsemnatul John Smith, elev la scoala High School Musical, va rog sa-mi aprobati urmatoarea solicitare: inlocuire carnet de elev
11-Sep-2022 22:00:00 - Subsemnatul John Smith, elev la scoala High School Musical, va rog sa-mi aprobati urmatoarea solicitare: inlocuire buletin
Alina Ionescu - cereri in asteptare:
19-Nov-2022 23:00:00 - Subsemnatul Alina Ionescu, angajat la compania Google, va rog sa-mi aprobati urmatoarea solicitare: inlocuire carnet de sofer
11-Dec-2022 23:00:00 - Subsemnatul Alina Ionescu, angajat la compania Google, va rog sa-mi aprobati urmatoarea solicitare: inlocuire buletin
CC SRL - cereri in asteptare:
11-Dec-2022 15:15:00 - Subsemnatul Cristina Cristescu, reprezentant legal al companiei CC SRL, va rog sa-mi aprobati urmatoarea solicitare: creare act constitutiv
11-Dec-2022 20:00:00 - Subsemnatul Cristina Cristescu, reprezentant legal al companiei CC SRL, va rog sa-mi aprobati urmatoarea solicitare: creare act constitutiv
George Georgescu - cereri in asteptare:
19-Nov-2022 11:00:10 - Subsemnatul George Georgescu, va rog sa-mi aprobati urmatoarea solicitare: inlocuire carnet de sofer
Utilizatorul de tip entitate juridica nu poate inainta o cerere de tip inregistrare venit salarial
Utilizatorul de tip pensionar nu poate inainta o cerere de tip inregistrare venit salarial
Utilizatorul de tip persoana nu poate inainta o cerere de tip inregistrare venit salarial
Alina Ionescu - cereri in asteptare:
19-Nov-2022 23:00:00 - Subsemnatul Alina Ionescu, angajat la compania Google, va rog sa-mi aprobati urmatoarea solicitare: inlocuire carnet de sofer
11-Dec-2022 00:00:00 - Subsemnatul Alina Ionescu, angajat la compania Google, va rog sa-mi aprobati urmatoarea solicitare: inlocuire buletin
11-Dec-2022 23:00:00 - Subsemnatul Alina Ionescu, angajat la compania Google, va rog sa-mi aprobati urmatoarea solicitare: inlocuire buletin
17-Dec-2022 23:59:00 - Subsemnatul Alina Ionescu, angajat la compania Google, va rog sa-mi aprobati urmatoarea solicitare: inregistrare venit salarial
Ion Popescu - cereri in asteptare:
10-Jan-2022 23:00:00 - Subsemnatul Ion Popescu, va rog sa-mi aprobati urmatoarea solicitare: inlocuire buletin
CC SRL - cereri in asteptare:
10-Jan-2022 10:00:00 - Subsemnatul Cristina Cristescu, reprezentant legal al companiei CC SRL, va rog sa-mi aprobati urmatoarea solicitare: reinnoire autorizatie
11-Dec-2022 15:15:00 - Subsemnatul Cristina Cristescu, reprezentant legal al companiei CC SRL, va rog sa-mi aprobati urmatoarea solicitare: creare act constitutiv
11-Dec-2022 20:00:00 - Subsemnatul Cristina Cristescu, reprezentant legal al companiei CC SRL, va rog sa-mi aprobati urmatoarea solicitare: creare act constitutiv
George Georgescu - cereri in asteptare:
19-Nov-2022 11:00:00 - Subsemnatul George Georgescu, va rog sa-mi aprobati urmatoarea solicitare: inlocuire carnet de sofer
John Smith - cereri in asteptare:
10-Sep-2022 10:00:00 - Subsemnatul John Smith, elev la scoala High School Musical, va rog sa-mi aprobati urmatoarea solicitare: inlocuire carnet de elev
11-Sep-2022 15:15:00 - Subsemnatul John Smith, elev la scoala High School Musical, va rog sa-mi aprobati urmatoarea solicitare: inlocuire carnet de elev
11-Sep-2022 22:00:00 - Subsemnatul John Smith, elev la scoala High School Musical, va rog sa-mi aprobati urmatoarea solicitare: inlocuire buletin
Alina Ionescu - cereri in asteptare:
19-Nov-2022 23:00:00 - Subsemnatul Alina Ionescu, angajat la compania Google, va rog sa-mi aprobati urmatoarea solicitare: inlocuire carnet de sofer
11-Dec-2022 23:00:00 - Subsemnatul Alina Ionescu, angajat la compania Google, va rog sa-mi aprobati urmatoarea solicitare: inlocuire buletin
CC SRL - cereri in asteptare:
11-Dec-2022 15:15:00 - Subsemnatul Cristina Cristescu, reprezentant legal al companiei CC SRL, va rog sa-mi aprobati urmatoarea solicitare: creare act constitutiv
11-Dec-2022 20:00:00 - Subsemnatul Cristina Cristescu, reprezentant legal al companiei CC SRL, va rog sa-mi aprobati urmatoarea solicitare: creare act constitutiv
George Georgescu - cereri in asteptare:
19-Nov-2022 11:00:10 - Subsemnatul George Georgescu, va rog sa-mi aprobati urmatoarea solicitare: inlocuire carnet de sofer
Utilizatorul de tip entitate juridica nu poate inainta o cerere de tip inregistrare venit salarial
Utilizatorul de tip pensionar nu poate inainta o cerere de tip inregistrare venit salarial
Utilizatorul de tip persoana nu poate inainta o cerere de tip inregistrare venit salarial
Alina Ionescu - cereri in asteptare:
19-Nov-2022 23:00:00 - Subsemnatul Alina Ionescu, angajat la compania Google, va rog sa-mi aprobati urmatoarea solicitare: inlocuire carnet de sofer
11-Dec-2022 00:00:00 - Subsemnatul Alina Ionescu, angajat la compania Google, va rog sa-mi aprobati urmatoarea solicitare: inlocuire buletin
11-Dec-2022 23:00:00 - Subsemnatul Alina Ionescu, angajat la compania Google, va rog sa-mi aprobati urmatoarea solicitare: inlocuire buletin
17-Dec-2022 23:59:00 - Subsemnatul Alina Ionescu, angajat la compania Google, va rog sa-mi aprobati urmatoarea solicitare: inregistrare venit salarial
Ion Popescu - cereri in asteptare:
10-Jan-2022 23:00:00 - Subsemnatul Ion Popescu, va rog sa-mi aprobati urmatoarea solicitare: inlocuire buletin
CC SRL - cereri in asteptare:
10-Jan-2022 10:00:00 - Subsemnatul Cristina Cristescu, reprezentant legal al companiei CC SRL, va rog sa-mi aprobati urmatoarea solicitare: reinnoire autorizatie
11-Dec-2022 15:15:00 - Subsemnatul Cristina Cristescu, reprezentant legal al companiei CC SRL, va rog sa-mi aprobati urmatoarea solicitare: creare act constitutiv
11-Dec-2022 20:00:00 - Subsemnatul Cristina Cristescu, reprezentant legal al companiei CC SRL, va rog sa-mi aprobati urmatoarea solicitare: creare act constitutiv
George Georgescu - cereri in asteptare:
19-Nov-2022 11:00:00 - Subsemnatul George Georgescu, va rog sa-mi aprobati urmatoarea solicitare: inlocuire carnet de sofer
John Smith - cereri in asteptare:
10-Sep-2022 10:00:00 - Subsemnatul John Smith, elev la scoala High School Musical, va rog sa-mi aprobati urmatoarea solicitare: inlocuire carnet de elev
11-Sep-2022 15:15:00 - Subsemnatul John Smith, elev la scoala High School Musical, va rog sa-mi aprobati urmatoarea solicitare: inlocuire carnet de elev
11-Sep-2022 22:00:00 - Subsemnatul John Smith, elev la scoala High School Musical, va rog sa-mi aprobati urmatoarea solicitare: inlocuire buletin
Alina Ionescu - cereri in asteptare:
19-Nov-2022 23:00:00 - Subsemnatul Alina Ionescu, angajat la compania Google, va rog sa-mi aprobati urmatoarea solicitare: inlocuire carnet de sofer
11-Dec-2022 23:00:00 - Subsemnatul Alina Ionescu, angajat la compania Google, va rog sa-mi aprobati urmatoarea solicitare: inlocuire buletin
CC SRL - cereri in asteptare:
11-Dec-2022 15:15:00 - Subsemnatul Cristina Cristescu, reprezentant legal al companiei CC SRL, va rog sa-mi aprobati urmatoarea solicitare: creare act constitutiv
11-Dec-2022 20:00:00 - Subsemnatul Cristina Cristescu, reprezentant legal al companiei CC SRL, va rog sa-mi aprobati urmatoarea solicitare: creare act constitutiv
George Georgescu - cereri in asteptare:
19-Nov-2022 11:00:10 - Subsemnatul George Georgescu, va rog sa-mi aprobati urmatoarea solicitare: inlocuire carnet de sofer
Mara Margescu - cereri in asteptare:
25-Nov-2022 11:00:08 - Subsemnatul Mara Margescu, va rog sa-mi aprobati urmatoarea solicitare: inlocuire carnet de sofer
25-Nov-2022 11:00:09 - Subsemnatul Mara Margescu, va rog sa-mi aprobati urmatoarea solicitare: inlocuire carnet de sofer
25-Nov-2022 11:00:10 - Subsemnatul Mara Margescu, va rog sa-mi aprobati urmatoarea solicitare: inlocuire carnet de sofer
25-Nov-2022 11:00:11 - Subsemnatul Mara Margescu, va rog sa-mi aprobati urmatoarea solicitare: inlocuire carnet de sofer
George Georgescu - cereri in asteptare:
19-Nov-2022 11:00:10 - Subsemnatul George Georgescu, va rog sa-mi aprobati urmatoarea solicitare: inlocuire carnet de sofer
25-Nov-2022 11:00:12 - Subsemnatul George Georgescu, va rog sa-mi aprobati urmatoarea solicitare: inlocuire carnet de sofer
Utilizatorul de tip angajat nu poate inainta o cerere de tip reinnoire autorizatie
Ion Popescu - cereri in asteptare:
11-Dec-2022 23:00:00 - Subsemnatul Ion Popescu, angajat la compania Google, va rog sa-mi aprobati urmatoarea solicitare: inlocuire carnet de sofer
11-Dec-2022 23:00:01 - Subsemnatul Ion Popescu, angajat la compania Google, va rog sa-mi aprobati urmatoarea solicitare: inlocuire buletin
Irina Manole - cereri in asteptare:
11-Dec-1999 23:00:00 - Subsemnatul Irina Manole, angajat la compania SBP, va rog sa-mi aprobati urmatoarea solicitare: inlocuire carnet de sofer
12-Dec-1999 23:00:00 - Subsemnatul Irina Manole, angajat la compania SBP, va rog sa-mi aprobati urmatoarea solicitare: inlocuire buletin
12-Dec-2000 23:00:00 - Subsemnatul Irina Manole, angajat la compania SBP, va rog sa-mi aprobati urmatoarea solicitare: inlocuire buletin
angajat - cereri in birou:
5 - 10-Jan-2022 10:02:00 - Subsemnatul George Georgescu, angajat la compania Meta, va rog sa-mi aprobati urmatoarea solicitare: inlocuire buletin
5 - 10-Jan-2022 10:04:00 - Subsemnatul Ana Anescu, angajat la compania Google, va rog sa-mi aprobati urmatoarea solicitare: inlocuire buletin
4 - 10-Jan-2022 10:03:00 - Subsemnatul George Georgescu, angajat la compania Meta, va rog sa-mi aprobati urmatoarea solicitare: inregistrare venit salarial
3 - 10-Jan-2022 10:00:00 - Subsemnatul Ana Anescu, angajat la compania Google, va rog sa-mi aprobati urmatoarea solicitare: inlocuire carnet de sofer
3 - 10-Jan-2022 10:01:00 - Subsemnatul Ana Anescu, angajat la compania Google, va rog sa-mi aprobati urmatoarea solicitare: inregistrare venit salarial
2 - 10-Jan-2022 10:03:01 - Subsemnatul George Georgescu, angajat la compania Meta, va rog sa-mi aprobati urmatoarea solicitare: inlocuire carnet de sofer
angajat - cereri in birou:
5 - 10-Jan-2022 10:02:00 - Subsemnatul George Georgescu, angajat la compania Meta, va rog sa-mi aprobati urmatoarea solicitare: inlocuire buletin
5 - 10-Jan-2022 10:04:00 - Subsemnatul Ana Anescu, angajat la compania Google, va rog sa-mi aprobati urmatoarea solicitare: inlocuire buletin
4 - 10-Jan-2022 10:03:00 - Subsemnatul George Georgescu, angajat la compania Meta, va rog sa-mi aprobati urmatoarea solicitare: inregistrare venit salarial
3 - 10-Jan-2022 10:00:00 - Subsemnatul Ana Anescu, angajat la compania Google, va rog sa-mi aprobati urmatoarea solicitare: inlocuire carnet de sofer
3 - 10-Jan-2022 10:01:00 - Subsemnatul Ana Anescu, angajat la compania Google, va rog sa-mi aprobati urmatoarea solicitare: inregistrare venit salarial
2 - 10-Jan-2022 10:03:01 - Subsemnatul George Georgescu, angajat la compania Meta, va rog sa-mi aprobati urmatoarea solicitare: inlocuire carnet de sofer
angajat - cereri in birou:
5 - 10-Jan-2022 10:04:00 - Subsemnatul Ana Anescu, angajat la compania Google, va rog sa-mi aprobati urmatoarea solicitare: inlocuire buletin
4 - 10-Jan-2022 10:03:00 - Subsemnatul George Georgescu, angajat la compania Meta, va rog sa-mi aprobati urmatoarea solicitare: inregistrare venit salarial
3 - 10-Jan-2022 10:00:00 - Subsemnatul Ana Anescu, angajat la compania Google, va rog sa-mi aprobati urmatoarea solicitare: inlocuire carnet de sofer
3 - 10-Jan-2022 10:01:00 - Subsemnatul Ana Anescu, angajat la compania Google, va rog sa-mi aprobati urmatoarea solicitare: inregistrare venit salarial
2 - 10-Jan-2022 10:03:01 - Subsemnatul George Georgescu, angajat la compania Meta, va rog sa-mi aprobati urmatoarea solicitare: inlocuire carnet de sofer
angajat - cereri in birou:
4 - 10-Jan-2022 10:03:00 - Subsemnatul George Georgescu, angajat la compania Meta, va rog sa-mi aprobati urmatoarea solicitare: inregistrare venit salarial
3 - 10-Jan-2022 10:00:00 - Subsemnatul Ana Anescu, angajat la compania Google, va rog sa-mi aprobati urmatoarea solicitare: inlocuire carnet de sofer
3 - 10-Jan-2022 10:01:00 - Subsemnatul Ana Anescu, angajat la compania Google, va rog sa-mi aprobati urmatoarea solicitare: inregistrare venit salarial
2 - 10-Jan-2022 10:03:01 - Subsemnatul George Georgescu, angajat la compania Meta, va rog sa-mi aprobati urmatoarea solicitare: inlocuire carnet de sofer
Ana Anescu - cereri in asteptare:
10-Jan-2022 10:00:00 - Subsemnatul Ana Anescu, angajat la compania Google, va rog sa-mi aprobati urmatoarea solicitare: inlocuire carnet de sofer
10-Jan-2022 10:01:00 - Subsemnatul Ana Anescu, angajat la compania Google, va rog sa-mi aprobati urmatoarea solicitare: inregistrare venit salarial
Ana Anescu - cereri in finalizate:
10-Jan-2022 10:04:00 - Subsemnatul Ana Anescu, angajat la compania Google, va rog sa-mi aprobati urmatoarea solicitare: inlocuire buletin
George Georgescu - cereri in asteptare:
10-Jan-2022 10:03:00 - Subsemnatul George Georgescu, angajat la compania Meta, va rog sa-mi aprobati urmatoarea solicitare: inregistrare venit salarial
10-Jan-2022 10:03:01 - Subsemnatul George Georgescu, angajat la compania Meta, va rog sa-mi aprobati urmatoarea solicitare: inlocuire carnet de sofer
George Georgescu - cereri in finalizate:
10-Jan-2022 10:02:00 - Subsemnatul George Georgescu, angajat la compania Meta, va rog sa-mi aprobati urmatoarea solicitare: inlocuire buletin
10-Jan-2022 10:02:00 - George Georgescu
10-Jan-2022 10:04:00 - Ana Anescu
Utilizatorul de tip persoana nu poate inainta o cerere de tip inregistrare venit salarial
Utilizatorul de tip elev nu poate inainta o cerere de tip inregistrare venit salarial
Utilizatorul de tip elev nu poate inainta o cerere de tip creare act constitutiv
Utilizatorul de tip elev nu poate inainta o cerere de tip inregistrare venit salarial
persoana - cereri in birou:
5 - 10-Jan-2022 10:04:00 - Subsemnatul Cristina Cristescu, va rog sa-mi aprobati urmatoarea solicitare: inlocuire buletin
3 - 10-Jan-2022 10:00:00 - Subsemnatul Cristina Cristescu, va rog sa-mi aprobati urmatoarea solicitare: inlocuire carnet de sofer
elev - cereri in birou:
4 - 11-Jan-2022 10:03:00 - Subsemnatul George Georgescu, elev la scoala Scoala Generala Nr. 7, va rog sa-mi aprobati urmatoarea solicitare: inlocuire buletin
4 - 11-Jan-2022 10:03:01 - Subsemnatul George Georgescu, elev la scoala Scoala Generala Nr. 7, va rog sa-mi aprobati urmatoarea solicitare: inlocuire carnet de elev
George Georgescu - cereri in finalizate:
11-Jan-2022 10:03:01 - Subsemnatul George Georgescu, elev la scoala Scoala Generala Nr. 7, va rog sa-mi aprobati urmatoarea solicitare: inlocuire carnet de elev
11-Jan-2022 10:03:01 - George Georgescu
Utilizatorul de tip pensionar nu poate inainta o cerere de tip inregistrare venit salarial
pensionar - cereri in birou:
5 - 10-Jan-2022 10:01:03 - Subsemnatul Ana Anescu, va rog sa-mi aprobati urmatoarea solicitare: inregistrare cupoane de pensie
5 - 10-Jan-2022 10:01:05 - Subsemnatul Ana Anescu, va rog sa-mi aprobati urmatoarea solicitare: inregistrare cupoane de pensie
5 - 13-Jan-2022 10:01:03 - Subsemnatul Monica Margescu, va rog sa-mi aprobati urmatoarea solicitare: inregistrare cupoane de pensie
5 - 13-Jan-2022 10:01:05 - Subsemnatul Monica Margescu, va rog sa-mi aprobati urmatoarea solicitare: inregistrare cupoane de pensie
4 - 10-Jan-2022 10:01:07 - Subsemnatul Ana Anescu, va rog sa-mi aprobati urmatoarea solicitare: inlocuire buletin
3 - 13-Jan-2022 10:01:01 - Subsemnatul Monica Margescu, va rog sa-mi aprobati urmatoarea solicitare: inlocuire carnet de sofer
2 - 10-Jan-2022 10:01:04 - Subsemnatul Ana Anescu, va rog sa-mi aprobati urmatoarea solicitare: inlocuire buletin
entitate juridica - cereri in birou:
5 - 11-Jan-2022 10:01:03 - Subsemnatul Ion Ionescu, reprezentant legal al companiei Ionescu SRL, va rog sa-mi aprobati urmatoarea solicitare: reinnoire autorizatie
5 - 11-Jan-2022 10:01:05 - Subsemnatul Ion Ionescu, reprezentant legal al companiei Ionescu SRL, va rog sa-mi aprobati urmatoarea solicitare: reinnoire autorizatie
5 - 16-Jan-2022 10:01:03 - Subsemnatul John Smith, reprezentant legal al companiei John SRL, va rog sa-mi aprobati urmatoarea solicitare: creare act constitutiv
5 - 16-Jan-2022 10:01:05 - Subsemnatul John Smith, reprezentant legal al companiei John SRL, va rog sa-mi aprobati urmatoarea solicitare: reinnoire autorizatie
4 - 11-Jan-2022 10:01:07 - Subsemnatul Ion Ionescu, reprezentant legal al companiei Ionescu SRL, va rog sa-mi aprobati urmatoarea solicitare: reinnoire autorizatie
3 - 11-Jan-2022 10:01:01 - Subsemnatul Ion Ionescu, reprezentant legal al companiei Ionescu SRL, va rog sa-mi aprobati urmatoarea solicitare: reinnoire autorizatie
3 - 16-Jan-2022 10:01:01 - Subsemnatul John Smith, reprezentant legal al companiei John SRL, va rog sa-mi aprobati urmatoarea solicitare: creare act constitutiv
2 - 11-Jan-2022 10:01:04 - Subsemnatul Ion Ionescu, reprezentant legal al companiei Ionescu SRL, va rog sa-mi aprobati urmatoarea solicitare: reinnoire autorizatie
2 - 16-Jan-2022 10:01:04 - Subsemnatul John Smith, reprezentant legal al companiei John SRL, va rog sa-mi aprobati urmatoarea solicitare: reinnoire autorizatie
Ana Anescu - cereri in asteptare:
10-Jan-2022 10:01:04 - Subsemnatul Ana Anescu, va rog sa-mi aprobati urmatoarea solicitare: inlocuire buletin
10-Jan-2022 10:01:07 - Subsemnatul Ana Anescu, va rog sa-mi aprobati urmatoarea solicitare: inlocuire buletin
Ana Anescu - cereri in finalizate:
10-Jan-2022 10:01:05 - Subsemnatul Ana Anescu, va rog sa-mi aprobati urmatoarea solicitare: inregistrare cupoane de pensie
Monica Margescu - cereri in asteptare:
13-Jan-2022 10:01:01 - Subsemnatul Monica Margescu, va rog sa-mi aprobati urmatoarea solicitare: inlocuire carnet de sofer
Monica Margescu - cereri in finalizate:
13-Jan-2022 10:01:03 - Subsemnatul Monica Margescu, va rog sa-mi aprobati urmatoarea solicitare: inregistrare cupoane de pensie
13-Jan-2022 10:01:05 - Subsemnatul Monica Margescu, va rog sa-mi aprobati urmatoarea solicitare: inregistrare cupoane de pensie
pensionar - cereri in birou:
4 - 10-Jan-2022 10:01:07 - Subsemnatul Ana Anescu, va rog sa-mi aprobati urmatoarea solicitare: inlocuire buletin
3 - 13-Jan-2022 10:01:01 - Subsemnatul Monica Margescu, va rog sa-mi aprobati urmatoarea solicitare: inlocuire carnet de sofer
2 - 10-Jan-2022 10:01:04 - Subsemnatul Ana Anescu, va rog sa-mi aprobati urmatoarea solicitare: inlocuire buletin
entitate juridica - cereri in birou:
3 - 16-Jan-2022 10:01:01 - Subsemnatul John Smith, reprezentant legal al companiei John SRL, va rog sa-mi aprobati urmatoarea solicitare: creare act constitutiv
2 - 11-Jan-2022 10:01:04 - Subsemnatul Ion Ionescu, reprezentant legal al companiei Ionescu SRL, va rog sa-mi aprobati urmatoarea solicitare: reinnoire autorizatie
2 - 16-Jan-2022 10:01:04 - Subsemnatul John Smith, reprezentant legal al companiei John SRL, va rog sa-mi aprobati urmatoarea solicitare: reinnoire autorizatie
11-Jan-2022 10:01:03 - Ionescu SRL
16-Jan-2022 10:01:03 - John SRL
11-Jan-2022 10:01:07 - Ionescu SRL
11-Jan-2022 10:01:05 - Ionescu SRL
16-Jan-2022 10:01:05 - John SRL
11-Jan-2022 10:01:01 - Ionescu SRL
10-Jan-2022 10:01:05 - Ana Anescu
13-Jan-2022 10:01:03 - Monica Margescu
13-Jan-2022 10:01:05 - Monica Margescu
persoana - cereri in birou:
5 - 10-Jan-2022 10:01:05 - Subsemnatul Ana Anescu, va rog sa-mi aprobati urmatoarea solicitare: inlocuire buletin
4 - 10-Jan-2022 10:01:04 - Subsemnatul Ana Anescu, va rog sa-mi aprobati urmatoarea solicitare: inlocuire buletin
3 - 10-Jan-2022 10:01:01 - Subsemnatul Ana Anescu, va rog sa-mi aprobati urmatoarea solicitare: inlocuire buletin
3 - 10-Jan-2022 10:01:02 - Subsemnatul Ana Anescu, va rog sa-mi aprobati urmatoarea solicitare: inlocuire buletin
3 - 10-Jan-2022 10:01:09 - Subsemnatul Ana Anescu, va rog sa-mi aprobati urmatoarea solicitare: inlocuire buletin
2 - 10-Jan-2022 10:01:03 - Subsemnatul Ana Anescu, va rog sa-mi aprobati urmatoarea solicitare: inlocuire buletin
2 - 10-Jan-2022 10:01:07 - Subsemnatul Ana Anescu, va rog sa-mi aprobati urmatoarea solicitare: inlocuire buletin
1 - 10-Jan-2022 10:01:06 - Subsemnatul Ana Anescu, va rog sa-mi aprobati urmatoarea solicitare: inlocuire buletin
persoana - cereri in birou:
3 - 10-Jan-2022 10:01:09 - Subsemnatul Ana Anescu, va rog sa-mi aprobati urmatoarea solicitare: inlocuire buletin
Ana Anescu - cereri in asteptare:
10-Jan-2022 10:01:09 - Subsemnatul Ana Anescu, va rog sa-mi aprobati urmatoarea solicitare: inlocuire buletin
Ana Anescu - cereri in finalizate:
10-Jan-2022 10:01:01 - Subsemnatul Ana Anescu, va rog sa-mi aprobati urmatoarea solicitare: inlocuire buletin
10-Jan-2022 10:01:01 - Ana Anescu
Irina Manole - cereri in asteptare:
11-Dec-1999 23:00:00 - Subsemnatul Irina Manole, angajat la compania SBP, va rog sa-mi aprobati urmatoarea solicitare: inlocuire carnet de sofer
12-Dec-1999 23:00:00 - Subsemnatul Irina Manole, angajat la compania SBP, va rog sa-mi aprobati urmatoarea solicitare: inlocuire buletin
12-Dec-2000 23:00:00 - Subsemnatul Irina Manole, angajat la compania SBP, va rog sa-mi aprobati urmatoarea solicitare: inlocuire buletin
Irina Manole - cereri in asteptare:
11-Dec-1999 23:00:00 - Subsemnatul Irina Manole, angajat la compania SBP, va rog sa-mi aprobati urmatoarea solicitare: inlocuire carnet de sofer
12-Dec-2000 23:00:00 - Subsemnatul Irina Manole, angajat la compania SBP, va rog sa-mi aprobati urmatoarea solicitare: inlocuire buletin
Utilizatorul de tip angajat nu poate inainta o cerere de tip inlocuire carnet de elev
Irina Manole - cereri in asteptare:
10-Jan-2022 23:00:00 - Subsemnatul Irina Manole, angajat la compania SBP, va rog sa-mi aprobati urmatoarea solicitare: inlocuire buletin
19-Nov-2022 23:00:00 - Subsemnatul Irina Manole, angajat la compania SBP, va rog sa-mi aprobati urmatoarea solicitare: inlocuire buletin
11-Dec-2022 00:00:00 - Subsemnatul Irina Manole, angajat la compania SBP, va rog sa-mi aprobati urmatoarea solicitare: inlocuire buletin
11-Dec-2022 23:00:00 - Subsemnatul Irina Manole, angajat la compania SBP, va rog sa-mi aprobati urmatoarea solicitare: inlocuire buletin
17-Dec-2022 23:59:00 - Subsemnatul Irina Manole, angajat la compania SBP, va rog sa-mi aprobati urmatoarea solicitare: inregistrare venit salarial
Irina Manole - cereri in asteptare:
10-Jan-2022 23:00:00 - Subsemnatul Irina Manole, angajat la compania SBP, va rog sa-mi aprobati urmatoarea solicitare: inlocuire buletin
19-Nov-2022 23:00:00 - Subsemnatul Irina Manole, angajat la compania SBP, va rog sa-mi aprobati urmatoarea solicitare: inlocuire buletin
11-Dec-2022 00:00:00 - Subsemnatul Irina Manole, angajat la compania SBP, va rog sa-mi aprobati urmatoarea solicitare: inlocuire buletin
17-Dec-2022 23:59:00 - Subsemnatul Irina Manole, angajat la compania SBP, va rog sa-mi aprobati urmatoarea solicitare: inregistrare venit salarial
Utilizatorul de tip elev nu poate inainta o cerere de tip inregistrare venit salarial
Ioana Pop - cereri in asteptare:
10-Jan-2022 23:00:00 - Subsemnatul Ioana Pop, elev la scoala Scoala Generala Nr. 2, va rog sa-mi aprobati urmatoarea solicitare: inlocuire buletin
19-Nov-2022 23:59:00 - Subsemnatul Ioana Pop, elev la scoala Scoala Generala Nr. 2, va rog sa-mi aprobati urmatoarea solicitare: inlocuire buletin
11-Dec-2022 23:00:00 - Subsemnatul Ioana Pop, elev la scoala Scoala Generala Nr. 2, va rog sa-mi aprobati urmatoarea solicitare: inlocuire carnet de elev
11-Dec-2022 23:00:01 - Subsemnatul Ioana Pop, elev la scoala Scoala Generala Nr. 2, va rog sa-mi aprobati urmatoarea solicitare: inlocuire buletin
Ioana Pop - cereri in asteptare:
11-Dec-2022 23:00:01 - Subsemnatul Ioana Pop, elev la scoala Scoala Generala Nr. 2, va rog sa-mi aprobati urmatoarea solicitare: inlocuire buletin
Utilizatorul de tip pensionar nu poate inainta o cerere de tip inlocuire carnet de elev
Utilizatorul de tip pensionar nu poate inainta o cerere de tip inregistrare venit salarial
Ion Popescu - cereri in asteptare:
10-Jan-2022 23:00:00 - Subsemnatul Ion Popescu, va rog sa-mi aprobati urmatoarea solicitare: inlocuire buletin
19-Nov-2022 23:59:00 - Subsemnatul Ion Popescu, va rog sa-mi aprobati urmatoarea solicitare: inregistrare cupoane de pensie
11-Dec-2022 23:00:01 - Subsemnatul Ion Popescu, va rog sa-mi aprobati urmatoarea solicitare: inlocuire carnet de sofer
Ion Popescu - cereri in asteptare:
11-Dec-2022 23:00:01 - Subsemnatul Ion Popescu, va rog sa-mi aprobati urmatoarea solicitare: inlocuire carnet de sofer
Utilizatorul de tip entitate juridica nu poate inainta o cerere de tip inlocuire carnet de sofer
IP SRL - cereri in asteptare:
10-Jan-2022 23:00:00 - Subsemnatul Ion Popescu, reprezentant legal al companiei IP SRL, va rog sa-mi aprobati urmatoarea solicitare: reinnoire autorizatie
11-Dec-2022 23:00:00 - Subsemnatul Ion Popescu, reprezentant legal al companiei IP SRL, va rog sa-mi aprobati urmatoarea solicitare: creare act constitutiv
IP SRL - cereri in asteptare:
11-Dec-2022 23:00:00 - Subsemnatul Ion Popescu, reprezentant legal al companiei IP SRL, va rog sa-mi aprobati urmatoarea solicitare: creare act constitutiv
Utilizatorul de tip persoana nu poate inainta o cerere de tip creare act constitutiv
Ion Popescu - cereri in asteptare:
10-Jan-2022 23:00:00 - Subsemnatul Ion Popescu, va rog sa-mi aprobati urmatoarea solicitare: inlocuire carnet de sofer
11-Dec-2022 23:00:00 - Subsemnatul Ion Popescu, va rog sa-mi aprobati urmatoarea solicitare: inlocuire buletin
11-Dec-2022 23:00:01 - Subsemnatul Ion Popescu, va rog sa-mi aprobati urmatoarea solicitare: inlocuire carnet de sofer
Ion Popescu - cereri in asteptare:
10-Jan-2022 23:00:00 - Subsemnatul Ion Popescu, va rog sa-mi aprobati urmatoarea solicitare: inlocuire carnet de sofer
11-Dec-2022 23:00:00 - Subsemnatul Ion Popescu, va rog sa-mi aprobati urmatoarea solicitare: inlocuire buletin
]]></system-out>
  <system-err><![CDATA[]]></system-err>
</testsuite>
